2025-07-27 03:54:46,637 - INFO - Database initialized successfully
2025-07-27 03:54:46,638 - INFO - Starting comprehensive analysis for 11 banks
2025-07-27 03:54:46,638 - INFO - Analyzing CBA.AX...
2025-07-27 03:54:47,405 - INFO - ✅ CBA.AX: Price=$172.87, Sentiment=0.52, Action=HOLD
2025-07-27 03:54:48,406 - INFO - Analyzing ANZ.AX...
2025-07-27 03:54:48,787 - INFO - ✅ ANZ.AX: Price=$30.22, Sentiment=0.85, Action=BUY
2025-07-27 03:54:49,788 - INFO - Analyzing WBC.AX...
2025-07-27 03:54:50,297 - INFO - ✅ WBC.AX: Price=$33.03, Sentiment=-0.43, Action=HOLD
2025-07-27 03:54:51,297 - INFO - Analyzing NAB.AX...
2025-07-27 03:54:51,637 - INFO - ✅ NAB.AX: Price=$37.51, Sentiment=-0.19, Action=HOLD
2025-07-27 03:54:52,637 - INFO - Analyzing MQG.AX...
2025-07-27 03:54:52,960 - INFO - ✅ MQG.AX: Price=$214.15, Sentiment=-0.62, Action=SELL
2025-07-27 03:54:53,960 - INFO - Analyzing BOQ.AX...
2025-07-27 03:54:54,469 - INFO - ✅ BOQ.AX: Price=$7.48, Sentiment=0.50, Action=HOLD
2025-07-27 03:54:55,469 - INFO - Analyzing BEN.AX...
2025-07-27 03:54:55,948 - INFO - ✅ BEN.AX: Price=$12.22, Sentiment=-0.41, Action=HOLD
2025-07-27 03:54:56,948 - INFO - Analyzing SUN.AX...
2025-07-27 03:54:57,310 - INFO - ✅ SUN.AX: Price=$20.31, Sentiment=-0.14, Action=HOLD
2025-07-27 03:54:58,310 - INFO - Analyzing QBE.AX...
2025-07-27 03:54:58,642 - INFO - ✅ QBE.AX: Price=$22.53, Sentiment=0.33, Action=HOLD
2025-07-27 03:54:59,643 - INFO - Analyzing AMP.AX...
2025-07-27 03:55:00,098 - INFO - ✅ AMP.AX: Price=$1.59, Sentiment=-0.87, Action=SELL
2025-07-27 03:55:01,099 - INFO - Analyzing ASX.AX...
2025-07-27 03:55:01,821 - INFO - ✅ ASX.AX: Price=$69.78, Sentiment=-0.17, Action=HOLD
2025-07-27 03:55:02,821 - INFO - Completed analysis for 11 banks
2025-07-27 04:39:58,188 - INFO - Database initialized successfully
2025-07-27 04:39:58,192 - INFO - Starting comprehensive analysis for 11 banks
2025-07-27 04:39:58,192 - INFO - Analyzing CBA.AX...
2025-07-27 04:39:59,521 - INFO - ✅ CBA.AX: Price=$172.87, Sentiment=0.70, Action=HOLD
2025-07-27 04:40:00,526 - INFO - Analyzing ANZ.AX...
2025-07-27 04:40:01,601 - INFO - ✅ ANZ.AX: Price=$30.22, Sentiment=0.03, Action=HOLD
2025-07-27 04:40:02,604 - INFO - Analyzing WBC.AX...
2025-07-27 04:40:03,554 - INFO - ✅ WBC.AX: Price=$33.03, Sentiment=-0.25, Action=HOLD
2025-07-27 04:40:04,559 - INFO - Analyzing NAB.AX...
2025-07-27 04:40:05,392 - INFO - ✅ NAB.AX: Price=$37.51, Sentiment=-0.44, Action=HOLD
2025-07-27 04:40:06,395 - INFO - Analyzing MQG.AX...
2025-07-27 04:40:06,973 - INFO - ✅ MQG.AX: Price=$214.15, Sentiment=0.24, Action=HOLD
2025-07-27 04:40:07,975 - INFO - Analyzing BOQ.AX...
2025-07-27 04:40:08,765 - INFO - ✅ BOQ.AX: Price=$7.48, Sentiment=0.19, Action=HOLD
2025-07-27 04:40:09,766 - INFO - Analyzing BEN.AX...
2025-07-27 04:40:10,297 - INFO - ✅ BEN.AX: Price=$12.22, Sentiment=0.26, Action=HOLD
2025-07-27 04:40:11,297 - INFO - Analyzing SUN.AX...
2025-07-27 04:40:11,904 - INFO - ✅ SUN.AX: Price=$20.31, Sentiment=-0.82, Action=HOLD
2025-07-27 04:40:12,905 - INFO - Analyzing QBE.AX...
2025-07-27 04:40:13,630 - INFO - ✅ QBE.AX: Price=$22.53, Sentiment=0.52, Action=HOLD
2025-07-27 04:40:14,633 - INFO - Analyzing AMP.AX...
2025-07-27 04:40:15,070 - INFO - ✅ AMP.AX: Price=$1.59, Sentiment=-0.35, Action=HOLD
2025-07-27 04:40:16,073 - INFO - Analyzing ASX.AX...
2025-07-27 04:40:16,540 - INFO - ✅ ASX.AX: Price=$69.78, Sentiment=-0.28, Action=HOLD
2025-07-27 04:40:17,543 - INFO - Completed analysis for 11 banks
2025-07-27 04:41:50,174 - INFO - Database initialized successfully
2025-07-27 04:41:50,178 - INFO - Starting comprehensive analysis for 11 banks
2025-07-27 04:41:50,178 - INFO - Analyzing CBA.AX...
2025-07-27 04:41:51,176 - INFO - ✅ CBA.AX: Price=$172.87, Sentiment=0.18, Action=HOLD
2025-07-27 04:41:52,179 - INFO - Analyzing ANZ.AX...
2025-07-27 04:41:53,185 - INFO - ✅ ANZ.AX: Price=$30.22, Sentiment=0.36, Action=HOLD
2025-07-27 04:41:54,188 - INFO - Analyzing WBC.AX...
2025-07-27 04:41:54,852 - INFO - ✅ WBC.AX: Price=$33.03, Sentiment=0.00, Action=HOLD
2025-07-27 04:41:55,854 - INFO - Analyzing NAB.AX...
2025-07-27 04:41:56,527 - INFO - ✅ NAB.AX: Price=$37.51, Sentiment=0.12, Action=HOLD
2025-07-27 04:41:57,530 - INFO - Analyzing MQG.AX...
2025-07-27 04:41:58,419 - INFO - ✅ MQG.AX: Price=$214.15, Sentiment=-0.14, Action=HOLD
2025-07-27 04:41:59,422 - INFO - Analyzing BOQ.AX...
2025-07-27 04:41:59,947 - INFO - ✅ BOQ.AX: Price=$7.48, Sentiment=-0.46, Action=HOLD
2025-07-27 04:42:00,949 - INFO - Analyzing BEN.AX...
2025-07-27 04:42:01,536 - INFO - ✅ BEN.AX: Price=$12.22, Sentiment=0.89, Action=BUY
2025-07-27 04:42:02,536 - INFO - Analyzing SUN.AX...
2025-07-27 04:42:03,117 - INFO - ✅ SUN.AX: Price=$20.31, Sentiment=0.78, Action=HOLD
2025-07-27 04:42:04,118 - INFO - Analyzing QBE.AX...
2025-07-27 04:42:04,951 - INFO - ✅ QBE.AX: Price=$22.53, Sentiment=-0.24, Action=HOLD
2025-07-27 04:42:05,955 - INFO - Analyzing AMP.AX...
2025-07-27 04:42:06,282 - INFO - ✅ AMP.AX: Price=$1.59, Sentiment=0.41, Action=HOLD
2025-07-27 04:42:07,284 - INFO - Analyzing ASX.AX...
2025-07-27 04:42:07,756 - INFO - ✅ ASX.AX: Price=$69.78, Sentiment=-0.73, Action=SELL
2025-07-27 04:42:08,758 - INFO - Completed analysis for 11 banks
2025-07-27 04:46:49,345 - INFO - Database initialized successfully
2025-07-27 04:46:49,354 - INFO - Starting comprehensive analysis for 11 banks
2025-07-27 04:46:49,354 - INFO - Analyzing CBA.AX...
2025-07-27 04:58:05,426 - INFO - Database initialized successfully
2025-07-27 04:58:05,436 - INFO - Starting comprehensive analysis for 11 banks
2025-07-27 04:58:05,439 - INFO - Analyzing CBA.AX...
2025-07-27 04:58:06,958 - INFO - ✅ CBA.AX: Price=$172.87, Sentiment=-0.20, Action=HOLD
2025-07-27 04:58:07,958 - INFO - Analyzing ANZ.AX...
2025-07-27 04:58:08,788 - INFO - ✅ ANZ.AX: Price=$30.22, Sentiment=0.82, Action=BUY
2025-07-27 04:58:09,794 - INFO - Analyzing WBC.AX...
2025-07-27 04:58:10,642 - INFO - ✅ WBC.AX: Price=$33.03, Sentiment=-0.35, Action=HOLD
2025-07-27 04:58:11,644 - INFO - Analyzing NAB.AX...
2025-07-27 04:58:12,248 - INFO - ✅ NAB.AX: Price=$37.51, Sentiment=-0.30, Action=HOLD
2025-07-27 04:58:13,248 - INFO - Analyzing MQG.AX...
2025-07-27 04:58:13,679 - INFO - ✅ MQG.AX: Price=$214.15, Sentiment=0.50, Action=BUY
2025-07-27 04:58:14,680 - INFO - Analyzing BOQ.AX...
2025-07-27 04:58:15,201 - INFO - ✅ BOQ.AX: Price=$7.48, Sentiment=0.69, Action=HOLD
2025-07-27 04:58:16,204 - INFO - Analyzing BEN.AX...
2025-07-27 04:58:16,687 - INFO - ✅ BEN.AX: Price=$12.22, Sentiment=-0.16, Action=HOLD
2025-07-27 04:58:17,690 - INFO - Analyzing SUN.AX...
2025-07-27 04:58:18,317 - INFO - ✅ SUN.AX: Price=$20.31, Sentiment=0.85, Action=HOLD
2025-07-27 04:58:19,319 - INFO - Analyzing QBE.AX...
2025-07-27 04:58:19,817 - INFO - ✅ QBE.AX: Price=$22.53, Sentiment=-0.30, Action=HOLD
2025-07-27 04:58:20,820 - INFO - Analyzing AMP.AX...
2025-07-27 04:58:21,218 - INFO - ✅ AMP.AX: Price=$1.59, Sentiment=-0.28, Action=HOLD
2025-07-27 04:58:22,218 - INFO - Analyzing ASX.AX...
2025-07-27 04:58:22,698 - INFO - ✅ ASX.AX: Price=$69.78, Sentiment=0.33, Action=HOLD
2025-07-27 04:58:23,699 - INFO - Completed analysis for 11 banks
2025-07-28 09:22:36,874 - INFO - Database initialized successfully
2025-07-28 09:22:36,877 - INFO - Starting comprehensive analysis for 11 banks
2025-07-28 09:22:36,877 - INFO - Analyzing CBA.AX...
2025-07-28 09:22:38,776 - INFO - ✅ CBA.AX: Price=$174.9, Sentiment=0.77, Action=HOLD
2025-07-28 09:22:39,776 - INFO - Analyzing ANZ.AX...
2025-07-28 09:22:40,490 - INFO - ✅ ANZ.AX: Price=$30.31, Sentiment=0.57, Action=HOLD
2025-07-28 09:22:41,490 - INFO - Analyzing WBC.AX...
2025-07-28 09:22:42,278 - INFO - ✅ WBC.AX: Price=$33.21, Sentiment=0.47, Action=HOLD
2025-07-28 09:22:43,280 - INFO - Analyzing NAB.AX...
2025-07-28 09:22:43,945 - INFO - ✅ NAB.AX: Price=$37.76, Sentiment=-0.70, Action=HOLD
2025-07-28 09:22:44,945 - INFO - Analyzing MQG.AX...
2025-07-28 09:22:45,842 - INFO - ✅ MQG.AX: Price=$216.23, Sentiment=0.78, Action=HOLD
2025-07-28 09:22:46,842 - INFO - Analyzing BOQ.AX...
2025-07-28 09:22:47,445 - INFO - ✅ BOQ.AX: Price=$7.49, Sentiment=0.01, Action=HOLD
2025-07-28 09:22:48,445 - INFO - Analyzing BEN.AX...
2025-07-28 09:22:48,983 - INFO - ✅ BEN.AX: Price=$12.2, Sentiment=-0.10, Action=HOLD
2025-07-28 09:22:49,984 - INFO - Analyzing SUN.AX...
2025-07-28 09:22:50,497 - INFO - ✅ SUN.AX: Price=$20.48, Sentiment=-0.45, Action=HOLD
2025-07-28 09:22:51,498 - INFO - Analyzing QBE.AX...
2025-07-28 09:22:51,989 - INFO - ✅ QBE.AX: Price=$22.75, Sentiment=-0.71, Action=HOLD
2025-07-28 09:22:52,989 - INFO - Analyzing AMP.AX...
2025-07-28 09:22:53,493 - INFO - ✅ AMP.AX: Price=$1.6, Sentiment=0.23, Action=HOLD
2025-07-28 09:22:54,493 - INFO - Analyzing ASX.AX...
2025-07-28 09:22:54,857 - INFO - ✅ ASX.AX: Price=$70.21, Sentiment=0.54, Action=HOLD
2025-07-28 09:22:55,858 - INFO - Completed analysis for 11 banks
2025-07-28 09:24:03,143 - INFO - Database initialized successfully
2025-07-28 09:24:03,144 - INFO - Starting comprehensive analysis for 11 banks
2025-07-28 09:24:03,144 - INFO - Analyzing CBA.AX...
2025-07-28 09:24:04,318 - INFO - ✅ CBA.AX: Price=$174.9, Sentiment=-0.25, Action=HOLD
2025-07-28 09:24:05,318 - INFO - Analyzing ANZ.AX...
2025-07-28 09:24:06,098 - INFO - ✅ ANZ.AX: Price=$30.31, Sentiment=0.27, Action=HOLD
2025-07-28 09:24:07,100 - INFO - Analyzing WBC.AX...
2025-07-28 09:24:07,934 - INFO - ✅ WBC.AX: Price=$33.21, Sentiment=-0.42, Action=HOLD
2025-07-28 09:24:08,935 - INFO - Analyzing NAB.AX...
2025-07-28 09:24:09,720 - INFO - ✅ NAB.AX: Price=$37.76, Sentiment=0.66, Action=HOLD
2025-07-28 09:24:10,723 - INFO - Analyzing MQG.AX...
2025-07-28 09:24:11,515 - INFO - ✅ MQG.AX: Price=$216.23, Sentiment=0.57, Action=HOLD
2025-07-28 09:24:12,515 - INFO - Analyzing BOQ.AX...
2025-07-28 09:24:13,195 - INFO - ✅ BOQ.AX: Price=$7.49, Sentiment=-0.59, Action=HOLD
2025-07-28 09:24:14,195 - INFO - Analyzing BEN.AX...
2025-07-28 09:24:14,837 - INFO - ✅ BEN.AX: Price=$12.2, Sentiment=0.53, Action=HOLD
2025-07-28 09:24:15,838 - INFO - Analyzing SUN.AX...
2025-07-28 09:24:16,464 - INFO - ✅ SUN.AX: Price=$20.48, Sentiment=-0.17, Action=HOLD
2025-07-28 09:24:17,464 - INFO - Analyzing QBE.AX...
2025-07-28 09:24:18,006 - INFO - ✅ QBE.AX: Price=$22.75, Sentiment=-0.79, Action=HOLD
2025-07-28 09:24:19,008 - INFO - Analyzing AMP.AX...
2025-07-28 09:24:19,509 - INFO - ✅ AMP.AX: Price=$1.6, Sentiment=-0.76, Action=SELL
2025-07-28 09:24:20,510 - INFO - Analyzing ASX.AX...
2025-07-28 09:24:21,062 - INFO - ✅ ASX.AX: Price=$70.21, Sentiment=0.88, Action=HOLD
2025-07-28 09:24:22,062 - INFO - Completed analysis for 11 banks
2025-07-28 09:29:14,613 - INFO - Database initialized successfully
2025-07-28 09:29:14,613 - INFO - Starting comprehensive analysis for 11 banks
2025-07-28 09:29:14,613 - INFO - Analyzing CBA.AX...
2025-07-28 09:29:15,963 - INFO - ✅ CBA.AX: Price=$174.9, Sentiment=-0.59, Action=HOLD
2025-07-28 09:29:16,964 - INFO - Analyzing ANZ.AX...
2025-07-28 09:29:17,753 - INFO - ✅ ANZ.AX: Price=$30.31, Sentiment=0.52, Action=HOLD
2025-07-28 09:29:18,754 - INFO - Analyzing WBC.AX...
2025-07-28 09:29:19,586 - INFO - ✅ WBC.AX: Price=$33.21, Sentiment=-0.15, Action=HOLD
2025-07-28 09:29:20,587 - INFO - Analyzing NAB.AX...
2025-07-28 09:29:21,316 - INFO - ✅ NAB.AX: Price=$37.76, Sentiment=0.05, Action=HOLD
2025-07-28 09:29:22,316 - INFO - Analyzing MQG.AX...
2025-07-28 09:29:22,892 - INFO - ✅ MQG.AX: Price=$216.23, Sentiment=0.70, Action=HOLD
2025-07-28 09:29:23,892 - INFO - Analyzing BOQ.AX...
2025-07-28 09:29:24,461 - INFO - ✅ BOQ.AX: Price=$7.49, Sentiment=0.06, Action=HOLD
2025-07-28 09:29:25,461 - INFO - Analyzing BEN.AX...
2025-07-28 09:29:26,045 - INFO - ✅ BEN.AX: Price=$12.2, Sentiment=-0.40, Action=HOLD
2025-07-28 09:29:27,045 - INFO - Analyzing SUN.AX...
2025-07-28 09:29:27,523 - INFO - ✅ SUN.AX: Price=$20.48, Sentiment=0.03, Action=HOLD
2025-07-28 09:29:28,523 - INFO - Analyzing QBE.AX...
2025-07-28 09:29:29,007 - INFO - ✅ QBE.AX: Price=$22.75, Sentiment=0.19, Action=HOLD
2025-07-28 09:29:30,007 - INFO - Analyzing AMP.AX...
2025-07-28 09:29:30,442 - INFO - ✅ AMP.AX: Price=$1.6, Sentiment=-0.47, Action=HOLD
2025-07-28 09:29:31,442 - INFO - Analyzing ASX.AX...
2025-07-28 09:29:31,869 - INFO - ✅ ASX.AX: Price=$70.21, Sentiment=-0.59, Action=HOLD
2025-07-28 09:29:32,869 - INFO - Completed analysis for 11 banks
2025-07-28 09:34:35,722 - INFO - Database initialized successfully
2025-07-28 09:34:35,726 - INFO - Starting comprehensive analysis for 11 banks
2025-07-28 09:34:35,726 - INFO - Analyzing CBA.AX...
2025-07-28 09:34:37,166 - INFO - ✅ CBA.AX: Price=$174.9, Sentiment=-0.41, Action=HOLD
2025-07-28 09:34:38,167 - INFO - Analyzing ANZ.AX...
2025-07-28 09:34:38,815 - INFO - ✅ ANZ.AX: Price=$30.31, Sentiment=0.60, Action=HOLD
2025-07-28 09:34:39,815 - INFO - Analyzing WBC.AX...
2025-07-28 09:34:40,409 - INFO - ✅ WBC.AX: Price=$33.21, Sentiment=-0.15, Action=HOLD
2025-07-28 09:34:41,409 - INFO - Analyzing NAB.AX...
2025-07-28 09:34:42,050 - INFO - ✅ NAB.AX: Price=$37.76, Sentiment=-0.20, Action=HOLD
2025-07-28 09:34:43,050 - INFO - Analyzing MQG.AX...
2025-07-28 09:34:43,631 - INFO - ✅ MQG.AX: Price=$216.23, Sentiment=-0.51, Action=HOLD
2025-07-28 09:34:44,631 - INFO - Analyzing BOQ.AX...
2025-07-28 09:34:45,189 - INFO - ✅ BOQ.AX: Price=$7.49, Sentiment=0.36, Action=HOLD
2025-07-28 09:34:46,190 - INFO - Analyzing BEN.AX...
2025-07-28 09:34:46,568 - INFO - ✅ BEN.AX: Price=$12.2, Sentiment=-0.06, Action=HOLD
2025-07-28 09:34:47,569 - INFO - Analyzing SUN.AX...
2025-07-28 09:34:48,009 - INFO - ✅ SUN.AX: Price=$20.48, Sentiment=0.24, Action=HOLD
2025-07-28 09:34:49,010 - INFO - Analyzing QBE.AX...
2025-07-28 09:34:49,459 - INFO - ✅ QBE.AX: Price=$22.75, Sentiment=0.08, Action=HOLD
2025-07-28 09:34:50,460 - INFO - Analyzing AMP.AX...
2025-07-28 09:34:50,915 - INFO - ✅ AMP.AX: Price=$1.6, Sentiment=-0.68, Action=SELL
2025-07-28 09:34:51,915 - INFO - Analyzing ASX.AX...
2025-07-28 09:34:52,367 - INFO - ✅ ASX.AX: Price=$70.21, Sentiment=0.67, Action=HOLD
2025-07-28 09:34:53,368 - INFO - Completed analysis for 11 banks
2025-07-28 09:47:27,462 - INFO - Database initialized successfully
2025-07-28 09:47:27,465 - INFO - Starting comprehensive analysis for 11 banks
2025-07-28 09:47:27,467 - INFO - Analyzing CBA.AX...
2025-07-28 09:47:28,711 - INFO - ✅ CBA.AX: Price=$174.9, Sentiment=0.60, Action=HOLD
2025-07-28 09:47:29,714 - INFO - Analyzing ANZ.AX...
2025-07-28 09:47:30,399 - INFO - ✅ ANZ.AX: Price=$30.31, Sentiment=0.63, Action=HOLD
2025-07-28 09:47:31,401 - INFO - Analyzing WBC.AX...
2025-07-28 09:47:31,892 - INFO - ✅ WBC.AX: Price=$33.21, Sentiment=-0.06, Action=HOLD
2025-07-28 09:47:32,894 - INFO - Analyzing NAB.AX...
2025-07-28 09:47:33,309 - INFO - ✅ NAB.AX: Price=$37.76, Sentiment=0.36, Action=HOLD
2025-07-28 09:47:34,309 - INFO - Analyzing MQG.AX...
2025-07-28 09:47:34,739 - INFO - ✅ MQG.AX: Price=$216.23, Sentiment=0.53, Action=HOLD
2025-07-28 09:47:35,740 - INFO - Analyzing BOQ.AX...
2025-07-28 09:47:36,233 - INFO - ✅ BOQ.AX: Price=$7.49, Sentiment=-0.59, Action=HOLD
2025-07-28 09:47:37,235 - INFO - Analyzing BEN.AX...
2025-07-28 09:47:37,659 - INFO - ✅ BEN.AX: Price=$12.2, Sentiment=-0.17, Action=HOLD
2025-07-28 09:47:38,660 - INFO - Analyzing SUN.AX...
2025-07-28 09:47:39,062 - INFO - ✅ SUN.AX: Price=$20.48, Sentiment=-0.35, Action=HOLD
2025-07-28 09:47:40,062 - INFO - Analyzing QBE.AX...
2025-07-28 09:47:40,502 - INFO - ✅ QBE.AX: Price=$22.75, Sentiment=-0.71, Action=HOLD
2025-07-28 09:47:41,504 - INFO - Analyzing AMP.AX...
2025-07-28 09:47:41,907 - INFO - ✅ AMP.AX: Price=$1.6, Sentiment=-0.71, Action=SELL
2025-07-28 09:47:42,908 - INFO - Analyzing ASX.AX...
2025-07-28 09:47:43,300 - INFO - ✅ ASX.AX: Price=$70.21, Sentiment=0.35, Action=HOLD
2025-07-28 09:47:44,300 - INFO - Completed analysis for 11 banks
2025-07-28 09:59:44,197 - INFO - Database initialized successfully
2025-07-28 09:59:44,199 - INFO - Starting comprehensive analysis for 11 banks
2025-07-28 09:59:44,202 - INFO - Analyzing CBA.AX...
2025-07-28 09:59:45,399 - INFO - ✅ CBA.AX: Price=$174.9, Sentiment=-0.24, Action=HOLD
2025-07-28 09:59:46,400 - INFO - Analyzing ANZ.AX...
2025-07-28 09:59:47,101 - INFO - ✅ ANZ.AX: Price=$30.31, Sentiment=0.36, Action=HOLD
2025-07-28 09:59:48,101 - INFO - Analyzing WBC.AX...
2025-07-28 09:59:48,800 - INFO - ✅ WBC.AX: Price=$33.21, Sentiment=-0.09, Action=HOLD
2025-07-28 09:59:49,801 - INFO - Analyzing NAB.AX...
2025-07-28 09:59:50,517 - INFO - ✅ NAB.AX: Price=$37.76, Sentiment=0.19, Action=HOLD
2025-07-28 09:59:51,517 - INFO - Analyzing MQG.AX...
2025-07-28 09:59:51,934 - INFO - ✅ MQG.AX: Price=$216.23, Sentiment=0.68, Action=HOLD
2025-07-28 09:59:52,936 - INFO - Analyzing BOQ.AX...
2025-07-28 09:59:53,547 - INFO - ✅ BOQ.AX: Price=$7.49, Sentiment=0.51, Action=HOLD
2025-07-28 09:59:54,548 - INFO - Analyzing BEN.AX...
2025-07-28 09:59:55,114 - INFO - ✅ BEN.AX: Price=$12.2, Sentiment=-0.85, Action=SELL
2025-07-28 09:59:56,115 - INFO - Analyzing SUN.AX...
2025-07-28 09:59:56,569 - INFO - ✅ SUN.AX: Price=$20.48, Sentiment=0.55, Action=HOLD
2025-07-28 09:59:57,570 - INFO - Analyzing QBE.AX...
2025-07-28 09:59:58,068 - INFO - ✅ QBE.AX: Price=$22.75, Sentiment=-0.61, Action=HOLD
2025-07-28 09:59:59,068 - INFO - Analyzing AMP.AX...
2025-07-28 09:59:59,500 - INFO - ✅ AMP.AX: Price=$1.6, Sentiment=-0.38, Action=HOLD
2025-07-28 10:00:00,502 - INFO - Analyzing ASX.AX...
2025-07-28 10:00:00,923 - INFO - ✅ ASX.AX: Price=$70.21, Sentiment=0.71, Action=HOLD
2025-07-28 10:00:01,924 - INFO - Completed analysis for 11 banks
2025-07-28 10:03:36,219 - INFO - Database initialized successfully
2025-07-28 10:03:36,222 - INFO - Starting comprehensive analysis for 11 banks
2025-07-28 10:03:36,222 - INFO - Analyzing CBA.AX...
2025-07-28 10:03:37,266 - INFO - ✅ CBA.AX: Price=$174.9, Sentiment=0.48, Action=HOLD
2025-07-28 10:03:38,266 - INFO - Analyzing ANZ.AX...
2025-07-28 10:03:38,968 - INFO - ✅ ANZ.AX: Price=$30.31, Sentiment=0.49, Action=HOLD
2025-07-28 10:03:39,969 - INFO - Analyzing WBC.AX...
2025-07-28 10:03:40,898 - INFO - ✅ WBC.AX: Price=$33.21, Sentiment=0.35, Action=HOLD
2025-07-28 10:03:41,898 - INFO - Analyzing NAB.AX...
2025-07-28 10:03:42,573 - INFO - ✅ NAB.AX: Price=$37.76, Sentiment=-0.74, Action=HOLD
2025-07-28 10:03:43,573 - INFO - Analyzing MQG.AX...
2025-07-28 10:03:44,122 - INFO - ✅ MQG.AX: Price=$216.23, Sentiment=0.46, Action=HOLD
2025-07-28 10:03:45,122 - INFO - Analyzing BOQ.AX...
2025-07-28 10:03:45,647 - INFO - ✅ BOQ.AX: Price=$7.49, Sentiment=0.72, Action=HOLD
2025-07-28 10:03:46,647 - INFO - Analyzing BEN.AX...
2025-07-28 10:03:47,077 - INFO - ✅ BEN.AX: Price=$12.2, Sentiment=0.70, Action=HOLD
2025-07-28 10:03:48,077 - INFO - Analyzing SUN.AX...
2025-07-28 10:03:48,438 - INFO - ✅ SUN.AX: Price=$20.48, Sentiment=-0.07, Action=HOLD
2025-07-28 10:03:49,440 - INFO - Analyzing QBE.AX...
2025-07-28 10:03:49,813 - INFO - ✅ QBE.AX: Price=$22.75, Sentiment=-0.43, Action=HOLD
2025-07-28 10:03:50,814 - INFO - Analyzing AMP.AX...
2025-07-28 10:03:51,194 - INFO - ✅ AMP.AX: Price=$1.6, Sentiment=-0.82, Action=SELL
2025-07-28 10:03:52,194 - INFO - Analyzing ASX.AX...
2025-07-28 10:03:52,603 - INFO - ✅ ASX.AX: Price=$70.21, Sentiment=0.29, Action=HOLD
2025-07-28 10:03:53,603 - INFO - Completed analysis for 11 banks
2025-07-28 10:27:04,687 - INFO - Database initialized successfully
2025-07-28 10:27:04,689 - INFO - Starting comprehensive analysis for 11 banks
2025-07-28 10:27:04,689 - INFO - Analyzing CBA.AX...
2025-07-28 10:27:06,016 - INFO - ✅ CBA.AX: Price=$174.9, Sentiment=0.56, Action=HOLD
2025-07-28 10:27:07,017 - INFO - Analyzing ANZ.AX...
2025-07-28 10:27:07,917 - INFO - ✅ ANZ.AX: Price=$30.31, Sentiment=0.10, Action=HOLD
2025-07-28 10:27:08,920 - INFO - Analyzing WBC.AX...
2025-07-28 10:27:09,699 - INFO - ✅ WBC.AX: Price=$33.21, Sentiment=-0.21, Action=HOLD
2025-07-28 10:27:10,699 - INFO - Analyzing NAB.AX...
2025-07-28 10:27:11,496 - INFO - ✅ NAB.AX: Price=$37.76, Sentiment=0.22, Action=HOLD
2025-07-28 10:27:12,498 - INFO - Analyzing MQG.AX...
2025-07-28 10:27:13,457 - INFO - ✅ MQG.AX: Price=$216.23, Sentiment=0.73, Action=HOLD
2025-07-28 10:27:14,459 - INFO - Analyzing BOQ.AX...
2025-07-28 10:27:15,107 - INFO - ✅ BOQ.AX: Price=$7.49, Sentiment=0.89, Action=HOLD
2025-07-28 10:27:16,111 - INFO - Analyzing BEN.AX...
2025-07-28 10:27:17,050 - INFO - ✅ BEN.AX: Price=$12.2, Sentiment=0.38, Action=HOLD
2025-07-28 10:27:18,050 - INFO - Analyzing SUN.AX...
2025-07-28 10:27:18,824 - INFO - ✅ SUN.AX: Price=$20.48, Sentiment=-0.32, Action=HOLD
2025-07-28 10:27:19,825 - INFO - Analyzing QBE.AX...
2025-07-28 10:27:20,414 - INFO - ✅ QBE.AX: Price=$22.75, Sentiment=-0.16, Action=HOLD
2025-07-28 10:27:21,414 - INFO - Analyzing AMP.AX...
2025-07-28 10:27:22,406 - INFO - ✅ AMP.AX: Price=$1.6, Sentiment=-0.05, Action=HOLD
2025-07-28 10:27:23,409 - INFO - Analyzing ASX.AX...
2025-07-28 10:27:24,102 - INFO - ✅ ASX.AX: Price=$70.21, Sentiment=0.34, Action=HOLD
2025-07-28 10:27:25,105 - INFO - Completed analysis for 11 banks
