2025-07-27 03:54:46,637 - INFO - Database initialized successfully
2025-07-27 03:54:46,638 - INFO - Starting comprehensive analysis for 11 banks
2025-07-27 03:54:46,638 - INFO - Analyzing CBA.AX...
2025-07-27 03:54:47,405 - INFO - ✅ CBA.AX: Price=$172.87, Sentiment=0.52, Action=HOLD
2025-07-27 03:54:48,406 - INFO - Analyzing ANZ.AX...
2025-07-27 03:54:48,787 - INFO - ✅ ANZ.AX: Price=$30.22, Sentiment=0.85, Action=BUY
2025-07-27 03:54:49,788 - INFO - Analyzing WBC.AX...
2025-07-27 03:54:50,297 - INFO - ✅ WBC.AX: Price=$33.03, Sentiment=-0.43, Action=HOLD
2025-07-27 03:54:51,297 - INFO - Analyzing NAB.AX...
2025-07-27 03:54:51,637 - INFO - ✅ NAB.AX: Price=$37.51, Sentiment=-0.19, Action=HOLD
2025-07-27 03:54:52,637 - INFO - Analyzing MQG.AX...
2025-07-27 03:54:52,960 - INFO - ✅ MQG.AX: Price=$214.15, Sentiment=-0.62, Action=SELL
2025-07-27 03:54:53,960 - INFO - Analyzing BOQ.AX...
2025-07-27 03:54:54,469 - INFO - ✅ BOQ.AX: Price=$7.48, Sentiment=0.50, Action=HOLD
2025-07-27 03:54:55,469 - INFO - Analyzing BEN.AX...
2025-07-27 03:54:55,948 - INFO - ✅ BEN.AX: Price=$12.22, Sentiment=-0.41, Action=HOLD
2025-07-27 03:54:56,948 - INFO - Analyzing SUN.AX...
2025-07-27 03:54:57,310 - INFO - ✅ SUN.AX: Price=$20.31, Sentiment=-0.14, Action=HOLD
2025-07-27 03:54:58,310 - INFO - Analyzing QBE.AX...
2025-07-27 03:54:58,642 - INFO - ✅ QBE.AX: Price=$22.53, Sentiment=0.33, Action=HOLD
2025-07-27 03:54:59,643 - INFO - Analyzing AMP.AX...
2025-07-27 03:55:00,098 - INFO - ✅ AMP.AX: Price=$1.59, Sentiment=-0.87, Action=SELL
2025-07-27 03:55:01,099 - INFO - Analyzing ASX.AX...
2025-07-27 03:55:01,821 - INFO - ✅ ASX.AX: Price=$69.78, Sentiment=-0.17, Action=HOLD
2025-07-27 03:55:02,821 - INFO - Completed analysis for 11 banks
2025-07-27 04:39:58,188 - INFO - Database initialized successfully
2025-07-27 04:39:58,192 - INFO - Starting comprehensive analysis for 11 banks
2025-07-27 04:39:58,192 - INFO - Analyzing CBA.AX...
2025-07-27 04:39:59,521 - INFO - ✅ CBA.AX: Price=$172.87, Sentiment=0.70, Action=HOLD
2025-07-27 04:40:00,526 - INFO - Analyzing ANZ.AX...
2025-07-27 04:40:01,601 - INFO - ✅ ANZ.AX: Price=$30.22, Sentiment=0.03, Action=HOLD
2025-07-27 04:40:02,604 - INFO - Analyzing WBC.AX...
2025-07-27 04:40:03,554 - INFO - ✅ WBC.AX: Price=$33.03, Sentiment=-0.25, Action=HOLD
2025-07-27 04:40:04,559 - INFO - Analyzing NAB.AX...
2025-07-27 04:40:05,392 - INFO - ✅ NAB.AX: Price=$37.51, Sentiment=-0.44, Action=HOLD
2025-07-27 04:40:06,395 - INFO - Analyzing MQG.AX...
2025-07-27 04:40:06,973 - INFO - ✅ MQG.AX: Price=$214.15, Sentiment=0.24, Action=HOLD
2025-07-27 04:40:07,975 - INFO - Analyzing BOQ.AX...
2025-07-27 04:40:08,765 - INFO - ✅ BOQ.AX: Price=$7.48, Sentiment=0.19, Action=HOLD
2025-07-27 04:40:09,766 - INFO - Analyzing BEN.AX...
2025-07-27 04:40:10,297 - INFO - ✅ BEN.AX: Price=$12.22, Sentiment=0.26, Action=HOLD
2025-07-27 04:40:11,297 - INFO - Analyzing SUN.AX...
2025-07-27 04:40:11,904 - INFO - ✅ SUN.AX: Price=$20.31, Sentiment=-0.82, Action=HOLD
2025-07-27 04:40:12,905 - INFO - Analyzing QBE.AX...
2025-07-27 04:40:13,630 - INFO - ✅ QBE.AX: Price=$22.53, Sentiment=0.52, Action=HOLD
2025-07-27 04:40:14,633 - INFO - Analyzing AMP.AX...
2025-07-27 04:40:15,070 - INFO - ✅ AMP.AX: Price=$1.59, Sentiment=-0.35, Action=HOLD
2025-07-27 04:40:16,073 - INFO - Analyzing ASX.AX...
2025-07-27 04:40:16,540 - INFO - ✅ ASX.AX: Price=$69.78, Sentiment=-0.28, Action=HOLD
2025-07-27 04:40:17,543 - INFO - Completed analysis for 11 banks
2025-07-27 04:41:50,174 - INFO - Database initialized successfully
2025-07-27 04:41:50,178 - INFO - Starting comprehensive analysis for 11 banks
2025-07-27 04:41:50,178 - INFO - Analyzing CBA.AX...
2025-07-27 04:41:51,176 - INFO - ✅ CBA.AX: Price=$172.87, Sentiment=0.18, Action=HOLD
2025-07-27 04:41:52,179 - INFO - Analyzing ANZ.AX...
2025-07-27 04:41:53,185 - INFO - ✅ ANZ.AX: Price=$30.22, Sentiment=0.36, Action=HOLD
2025-07-27 04:41:54,188 - INFO - Analyzing WBC.AX...
2025-07-27 04:41:54,852 - INFO - ✅ WBC.AX: Price=$33.03, Sentiment=0.00, Action=HOLD
2025-07-27 04:41:55,854 - INFO - Analyzing NAB.AX...
2025-07-27 04:41:56,527 - INFO - ✅ NAB.AX: Price=$37.51, Sentiment=0.12, Action=HOLD
2025-07-27 04:41:57,530 - INFO - Analyzing MQG.AX...
2025-07-27 04:41:58,419 - INFO - ✅ MQG.AX: Price=$214.15, Sentiment=-0.14, Action=HOLD
2025-07-27 04:41:59,422 - INFO - Analyzing BOQ.AX...
2025-07-27 04:41:59,947 - INFO - ✅ BOQ.AX: Price=$7.48, Sentiment=-0.46, Action=HOLD
2025-07-27 04:42:00,949 - INFO - Analyzing BEN.AX...
2025-07-27 04:42:01,536 - INFO - ✅ BEN.AX: Price=$12.22, Sentiment=0.89, Action=BUY
2025-07-27 04:42:02,536 - INFO - Analyzing SUN.AX...
2025-07-27 04:42:03,117 - INFO - ✅ SUN.AX: Price=$20.31, Sentiment=0.78, Action=HOLD
2025-07-27 04:42:04,118 - INFO - Analyzing QBE.AX...
2025-07-27 04:42:04,951 - INFO - ✅ QBE.AX: Price=$22.53, Sentiment=-0.24, Action=HOLD
2025-07-27 04:42:05,955 - INFO - Analyzing AMP.AX...
2025-07-27 04:42:06,282 - INFO - ✅ AMP.AX: Price=$1.59, Sentiment=0.41, Action=HOLD
2025-07-27 04:42:07,284 - INFO - Analyzing ASX.AX...
2025-07-27 04:42:07,756 - INFO - ✅ ASX.AX: Price=$69.78, Sentiment=-0.73, Action=SELL
2025-07-27 04:42:08,758 - INFO - Completed analysis for 11 banks
2025-07-27 04:46:49,345 - INFO - Database initialized successfully
2025-07-27 04:46:49,354 - INFO - Starting comprehensive analysis for 11 banks
2025-07-27 04:46:49,354 - INFO - Analyzing CBA.AX...
2025-07-27 04:58:05,426 - INFO - Database initialized successfully
2025-07-27 04:58:05,436 - INFO - Starting comprehensive analysis for 11 banks
2025-07-27 04:58:05,439 - INFO - Analyzing CBA.AX...
2025-07-27 04:58:06,958 - INFO - ✅ CBA.AX: Price=$172.87, Sentiment=-0.20, Action=HOLD
2025-07-27 04:58:07,958 - INFO - Analyzing ANZ.AX...
2025-07-27 04:58:08,788 - INFO - ✅ ANZ.AX: Price=$30.22, Sentiment=0.82, Action=BUY
2025-07-27 04:58:09,794 - INFO - Analyzing WBC.AX...
2025-07-27 04:58:10,642 - INFO - ✅ WBC.AX: Price=$33.03, Sentiment=-0.35, Action=HOLD
2025-07-27 04:58:11,644 - INFO - Analyzing NAB.AX...
2025-07-27 04:58:12,248 - INFO - ✅ NAB.AX: Price=$37.51, Sentiment=-0.30, Action=HOLD
2025-07-27 04:58:13,248 - INFO - Analyzing MQG.AX...
2025-07-27 04:58:13,679 - INFO - ✅ MQG.AX: Price=$214.15, Sentiment=0.50, Action=BUY
2025-07-27 04:58:14,680 - INFO - Analyzing BOQ.AX...
2025-07-27 04:58:15,201 - INFO - ✅ BOQ.AX: Price=$7.48, Sentiment=0.69, Action=HOLD
2025-07-27 04:58:16,204 - INFO - Analyzing BEN.AX...
2025-07-27 04:58:16,687 - INFO - ✅ BEN.AX: Price=$12.22, Sentiment=-0.16, Action=HOLD
2025-07-27 04:58:17,690 - INFO - Analyzing SUN.AX...
2025-07-27 04:58:18,317 - INFO - ✅ SUN.AX: Price=$20.31, Sentiment=0.85, Action=HOLD
2025-07-27 04:58:19,319 - INFO - Analyzing QBE.AX...
2025-07-27 04:58:19,817 - INFO - ✅ QBE.AX: Price=$22.53, Sentiment=-0.30, Action=HOLD
2025-07-27 04:58:20,820 - INFO - Analyzing AMP.AX...
2025-07-27 04:58:21,218 - INFO - ✅ AMP.AX: Price=$1.59, Sentiment=-0.28, Action=HOLD
2025-07-27 04:58:22,218 - INFO - Analyzing ASX.AX...
2025-07-27 04:58:22,698 - INFO - ✅ ASX.AX: Price=$69.78, Sentiment=0.33, Action=HOLD
2025-07-27 04:58:23,699 - INFO - Completed analysis for 11 banks
